<?xml version="1.0" encoding="UTF-8"?>
<testng-results ignored="0" total="1" passed="1" failed="0" skipped="0">
  <reporter-output>
  </reporter-output>
  <suite started-at="2023-07-22T01:30:48Z" name="Default suite" finished-at="2023-07-22T01:30:51Z" duration-ms="3205">
    <groups>
    </groups>
    <test started-at="2023-07-22T01:30:48Z" name="Default test" finished-at="2023-07-22T01:30:51Z" duration-ms="3205">
      <class name="ng.NewTest">
        <test-method signature="test1()[pri:0, instance:ng.NewTest@1bd39d3c]" started-at="2023-07-21T19:30:48Z" name="test1" finished-at="2023-07-21T19:30:51Z" duration-ms="3196" status="PASS">
          <reporter-output>
          </reporter-output>
        </test-method> <!-- test1 -->
      </class> <!-- ng.NewTest -->
    </test> <!-- Default test -->
  </suite> <!-- Default suite -->
</testng-results>
